#! c:/iverilog-x64/bin/vvp
:ivl_version "10.1 (stable)" "(v10_1_1)";
:ivl_delay_selection "TYPICAL";
:vpi_time_precision + 0;
:vpi_module "system";
:vpi_module "vhdl_sys";
:vpi_module "v2005_math";
:vpi_module "va_math";
S_000000000085b3c0 .scope module, "testBench" "testBench" 2 19;
 .timescale 0 0;
v0000000000946790_0 .var "clk", 0 0;
v0000000000946830_0 .var "d", 0 0;
v00000000008ad800_0 .net "q", 0 0, L_0000000000946940;  1 drivers
v00000000008ad440_0 .net "qbar", 0 0, L_00000000008ae3a0;  1 drivers
S_0000000000857ad0 .scope module, "pdff" "posEdge_dff" 2 24, 2 2 0, S_000000000085b3c0;
 .timescale 0 0;
    .port_info 0 /INPUT 1 "d"
    .port_info 1 /INPUT 1 "clk"
    .port_info 2 /OUTPUT 1 "q"
    .port_info 3 /OUTPUT 1 "qbar"
L_0000000000947150 .functor NAND 1, L_00000000009468d0, L_0000000000858ee0, C4<1>, C4<1>;
L_0000000000858ee0 .functor NAND 1, L_0000000000947150, v0000000000946790_0, C4<1>, C4<1>;
L_000000000085a200 .functor NAND 1, L_0000000000858ee0, L_00000000009468d0, v0000000000946790_0, C4<1>;
L_00000000009468d0 .functor NAND 1, L_000000000085a200, v0000000000946830_0, C4<1>, C4<1>;
L_0000000000946940 .functor NAND 1, L_0000000000858ee0, L_00000000008ae3a0, C4<1>, C4<1>;
L_00000000008ae3a0 .functor NAND 1, L_0000000000946940, L_000000000085a200, C4<1>, C4<1>;
v000000000085b540_0 .net "clk", 0 0, v0000000000946790_0;  1 drivers
v00000000008acef0_0 .net "d", 0 0, v0000000000946830_0;  1 drivers
v0000000000858e40_0 .net "q", 0 0, L_0000000000946940;  alias, 1 drivers
v0000000000857c50_0 .net "qbar", 0 0, L_00000000008ae3a0;  alias, 1 drivers
v0000000000857cf0_0 .net "s1", 0 0, L_0000000000947150;  1 drivers
v0000000000857d90_0 .net "s2", 0 0, L_0000000000858ee0;  1 drivers
v0000000000946650_0 .net "s3", 0 0, L_000000000085a200;  1 drivers
v00000000009466f0_0 .net "s4", 0 0, L_00000000009468d0;  1 drivers
E_0000000000858940 .event posedge, v000000000085b540_0;
    .scope S_0000000000857ad0;
T_0 ;
    %wait E_0000000000858940;
    %jmp T_0;
    .thread T_0;
    .scope S_000000000085b3c0;
T_1 ;
    %pushi/vec4 0, 0, 1;
    %store/vec4 v0000000000946790_0, 0, 1;
    %pushi/vec4 0, 0, 1;
    %store/vec4 v0000000000946830_0, 0, 1;
    %vpi_call 2 29 "$dumpfile", "GDFF.vcd" {0 0 0};
    %vpi_call 2 30 "$dumpvars", 32'sb00000000000000000000000000000001, S_0000000000857ad0 {0 0 0};
    %delay 1, 0;
    %pushi/vec4 1, 0, 1;
    %store/vec4 v0000000000946830_0, 0, 1;
    %delay 1, 0;
    %pushi/vec4 0, 0, 1;
    %store/vec4 v0000000000946830_0, 0, 1;
    %delay 1, 0;
    %pushi/vec4 1, 0, 1;
    %store/vec4 v0000000000946830_0, 0, 1;
    %delay 2, 0;
    %pushi/vec4 0, 0, 1;
    %store/vec4 v0000000000946830_0, 0, 1;
    %delay 1, 0;
    %pushi/vec4 1, 0, 1;
    %store/vec4 v0000000000946830_0, 0, 1;
    %delay 1, 0;
    %pushi/vec4 0, 0, 1;
    %store/vec4 v0000000000946830_0, 0, 1;
    %delay 3, 0;
    %pushi/vec4 1, 0, 1;
    %store/vec4 v0000000000946830_0, 0, 1;
    %delay 1, 0;
    %pushi/vec4 0, 0, 1;
    %store/vec4 v0000000000946830_0, 0, 1;
    %delay 2, 0;
    %pushi/vec4 1, 0, 1;
    %store/vec4 v0000000000946830_0, 0, 1;
    %delay 1, 0;
    %pushi/vec4 0, 0, 1;
    %store/vec4 v0000000000946830_0, 0, 1;
    %delay 2, 0;
    %pushi/vec4 1, 0, 1;
    %store/vec4 v0000000000946830_0, 0, 1;
    %delay 6, 0;
    %pushi/vec4 0, 0, 1;
    %store/vec4 v0000000000946830_0, 0, 1;
    %vpi_call 2 43 "$finish" {0 0 0};
    %end;
    .thread T_1;
    .scope S_000000000085b3c0;
T_2 ;
    %delay 1, 0;
    %load/vec4 v0000000000946790_0;
    %inv;
    %store/vec4 v0000000000946790_0, 0, 1;
    %jmp T_2;
    .thread T_2;
# The file index is used to find the file name in the following table.
:file_names 3;
    "N/A";
    "<interactive>";
    "dFlipFlop.v";
